<?xml version="1.0" encoding="UTF-8" ?>
<testsuites disabled="0" errors="0" failures="0" tests="3" time="3.13">
 <testsuite name="workspace-project Producto" timestamp="2021-03-25T09:54:06" hostname="localhost" time="3.13" errors="0" tests="3" skipped="0" disabled="0" failures="0">
  <testcase classname="workspace-project Producto" name="Deberia listar las solicitudes" time="0.922" />
  <testcase classname="workspace-project Producto" name="Deberia listar las solicitudes por el id del funcionario" time="0.991" />
  <testcase classname="workspace-project Producto" name="Deberia crear una solicitud" time="1.215" />
 </testsuite>
</testsuites>