<?xml version="1.0" encoding="UTF-8" ?>
<testsuites disabled="0" errors="0" failures="0" tests="0" time="0.001">
 <testsuite name="workspace-project App" timestamp="2021-03-25T08:10:13" hostname="localhost" time="0.001" errors="0" tests="0" skipped="0" disabled="0" failures="0">
 </testsuite>
</testsuites>