<?xml version="1.0" encoding="UTF-8" ?>
<testsuites disabled="0" errors="0" failures="0" tests="3" time="2.856">
 <testsuite name="workspace-project Producto" timestamp="2021-03-25T08:10:35" hostname="localhost" time="2.856" errors="0" tests="3" skipped="0" disabled="0" failures="0">
  <testcase classname="workspace-project Producto" name="Deberia listar las solicitudes" time="0.883" />
  <testcase classname="workspace-project Producto" name="Deberia listar las solicitudes por el id del funcionario" time="0.882" />
  <testcase classname="workspace-project Producto" name="Deberia crear una solicitud" time="1.089" />
 </testsuite>
</testsuites>